<?xml version="1.0" encoding="UTF-8"?>
<!-- Generated by org.testng.reporters.JUnitReportReporter -->
<testsuite hostname="ILPT2766" name="testPackage.NewTest01" tests="1" failures="0" timestamp="16 Jun 2021 11:11:21 GMT" time="0.001" errors="0">
  <testcase name="FirstHello" time="0.001" classname="testPackage.NewTest01"/>
</testsuite> <!-- testPackage.NewTest01 -->
