<?xml version="1.0" encoding="UTF-8"?>
<!-- Generated by org.testng.reporters.JUnitReportReporter -->
<testsuite hostname="ILPT2766" name="testPackage.VerifyPageName" tests="1" failures="0" timestamp="16 Jun 2021 11:11:21 GMT" time="11.091" errors="0">
  <testcase name="VerifyWebPageName" time="11.091" classname="testPackage.VerifyPageName"/>
</testsuite> <!-- testPackage.VerifyPageName -->
