<?xml version="1.0" encoding="UTF-8"?>
<!-- Generated by org.testng.reporters.JUnitReportReporter -->
<testsuite hostname="ILPT2766" name="testPackage.VerifyPageName" tests="1" failures="0" timestamp="16 Jun 2021 09:51:56 GMT" time="7.548" errors="0">
  <testcase name="VerifyWebPageName" time="7.548" classname="testPackage.VerifyPageName"/>
</testsuite> <!-- testPackage.VerifyPageName -->
